
Running tests... 
----------------------------------------------------------------------

======================================================================
ERROR [0.000000s]: setUpClass (__main__.TestRegistro)
----------------------------------------------------------------------
Traceback (most recent call last):
  File "C:\Users\Joharlyn\OneDrive\Documentos\ITLA\Sexto cuatrimestre\Programación III\Proyecto final\TaskFlow Pro pruebas automatizadas\test_createTask.py", line 15, in setUpClass
    cls.driver = webdriver.Chrome(ChromeDriverManager().install())
                 ~~~~~~~~~~~~~~~~^^^^^^^^^^^^^^^^^^^^^^^^^^^^^^^^^
  File "C:\Users\Joharlyn\AppData\Roaming\Python\Python313\site-packages\selenium\webdriver\chrome\webdriver.py", line 45, in __init__
    super().__init__(
    ~~~~~~~~~~~~~~~~^
        browser_name=DesiredCapabilities.CHROME["browserName"],
        ^^^^^^^^^^^^^^^^^^^^^^^^^^^^^^^^^^^^^^^^^^^^^^^^^^^^^^^
    ...<3 lines>...
        keep_alive=keep_alive,
        ^^^^^^^^^^^^^^^^^^^^^^
    )
    ^
  File "C:\Users\Joharlyn\AppData\Roaming\Python\Python313\site-packages\selenium\webdriver\chromium\webdriver.py", line 50, in __init__
    if finder.get_browser_path():
       ~~~~~~~~~~~~~~~~~~~~~~~^^
  File "C:\Users\Joharlyn\AppData\Roaming\Python\Python313\site-packages\selenium\webdriver\common\driver_finder.py", line 47, in get_browser_path
    return self._binary_paths()["browser_path"]
           ~~~~~~~~~~~~~~~~~~^^
  File "C:\Users\Joharlyn\AppData\Roaming\Python\Python313\site-packages\selenium\webdriver\common\driver_finder.py", line 56, in _binary_paths
    browser = self._options.capabilities["browserName"]
              ^^^^^^^^^^^^^^^^^^^^^^^^^^
AttributeError: 'str' object has no attribute 'capabilities'

----------------------------------------------------------------------
Ran 0 tests in 0:00:01

FAILED
 (Errors=1)

Generating HTML reports... 
reports\TestResults_setUpClass (__main___2025-04-18_22-45-13.html
